<?xml version="1.0" encoding="UTF-8"?>
<testsuite name="nt.nick.junit_example.FormCheckHW" tests="1" skipped="0" failures="0" errors="0" timestamp="2022-09-04T18:25:04" hostname="DESKTOP-TNK2PM3" time="8.797">
  <properties/>
  <testcase name="checkPractiseForm()" classname="nt.nick.junit_example.FormCheckHW" time="8.797"/>
  <system-out><![CDATA[]]></system-out>
  <system-err><![CDATA[SLF4J: Failed to load class "org.slf4j.impl.StaticLoggerBinder".
SLF4J: Defaulting to no-operation (NOP) logger implementation
SLF4J: See http://www.slf4j.org/codes.html#StaticLoggerBinder for further details.
Starting ChromeDriver 104.0.5112.79 (3cf3e8c8a07d104b9e1260c910efb8f383285dc5-refs/branch-heads/5112@{#1307}) on port 61567
Only local connections are allowed.
Please see https://chromedriver.chromium.org/security-considerations for suggestions on keeping ChromeDriver safe.
ChromeDriver was started successfully.
сент. 04, 2022 9:25:07 PM org.openqa.selenium.remote.ProtocolHandshake createSession
INFO: Detected upstream dialect: W3C
сент. 04, 2022 9:25:07 PM org.openqa.selenium.devtools.CdpVersionFinder findNearestMatch
WARNING: Unable to find an exact match for CDP version 104, so returning the closest version found: 103
сент. 04, 2022 9:25:07 PM org.openqa.selenium.devtools.CdpVersionFinder findNearestMatch
INFO: Found CDP implementation for version 104 of 103
]]></system-err>
</testsuite>
